Analysis & Synthesis report for FinalProject
Wed Nov 21 16:09:15 2012
Quartus II 32-bit Version 12.0 Build 263 08/02/2012 Service Pack 2 SJ Web Edition


---------------------
; Table of Contents ;
---------------------
  1. Legal Notice
  2. Analysis & Synthesis Summary
  3. Analysis & Synthesis Settings
  4. Parallel Compilation
  5. Analysis & Synthesis Source Files Read
  6. Analysis & Synthesis Resource Usage Summary
  7. Analysis & Synthesis Resource Utilization by Entity
  8. State Machine - |FinalProject|upcounter_slot:num4|y
  9. State Machine - |FinalProject|upcounter_slot:num3|y
 10. State Machine - |FinalProject|upcounter_slot:num2|y
 11. State Machine - |FinalProject|upcounter_slot:num1|y
 12. Registers Removed During Synthesis
 13. Removed Registers Triggering Further Register Optimizations
 14. General Register Statistics
 15. Parameter Settings for User Entity Instance: upcounter_slot:num1
 16. Parameter Settings for User Entity Instance: upcounter_slot:num2
 17. Parameter Settings for User Entity Instance: upcounter_slot:num3
 18. Parameter Settings for User Entity Instance: upcounter_slot:num4
 19. Parameter Settings for User Entity Instance: levelstate:level
 20. Port Connectivity Checks: "levelstate:level"
 21. Port Connectivity Checks: "upcounter_slot:num4"
 22. Port Connectivity Checks: "upcounter_slot:num3"
 23. Port Connectivity Checks: "upcounter_slot:num2"
 24. Port Connectivity Checks: "upcounter_slot:num1"
 25. Port Connectivity Checks: "variableClock:var_clk"
 26. Elapsed Time Per Partition
 27. Analysis & Synthesis Messages
 28. Analysis & Synthesis Suppressed Messages



----------------
; Legal Notice ;
----------------
Copyright (C) 1991-2012 Altera Corporation
Your use of Altera Corporation's design tools, logic functions 
and other software and tools, and its AMPP partner logic 
functions, and any output files from any of the foregoing 
(including device programming or simulation files), and any 
associated documentation or information are expressly subject 
to the terms and conditions of the Altera Program License 
Subscription Agreement, Altera MegaCore Function License 
Agreement, or other applicable license agreement, including, 
without limitation, that your use is for the sole purpose of 
programming logic devices manufactured by Altera and sold by 
Altera or its authorized distributors.  Please refer to the 
applicable agreement for further details.



+------------------------------------------------------------------------------------+
; Analysis & Synthesis Summary                                                       ;
+------------------------------------+-----------------------------------------------+
; Analysis & Synthesis Status        ; Successful - Wed Nov 21 16:09:15 2012         ;
; Quartus II 32-bit Version          ; 12.0 Build 263 08/02/2012 SP 2 SJ Web Edition ;
; Revision Name                      ; FinalProject                                  ;
; Top-level Entity Name              ; FinalProject                                  ;
; Family                             ; Cyclone II                                    ;
; Total logic elements               ; 65                                            ;
;     Total combinational functions  ; 65                                            ;
;     Dedicated logic registers      ; 37                                            ;
; Total registers                    ; 37                                            ;
; Total pins                         ; 34                                            ;
; Total virtual pins                 ; 0                                             ;
; Total memory bits                  ; 0                                             ;
; Embedded Multiplier 9-bit elements ; 0                                             ;
; Total PLLs                         ; 0                                             ;
+------------------------------------+-----------------------------------------------+


+----------------------------------------------------------------------------------------------------------------------+
; Analysis & Synthesis Settings                                                                                        ;
+----------------------------------------------------------------------------+--------------------+--------------------+
; Option                                                                     ; Setting            ; Default Value      ;
+----------------------------------------------------------------------------+--------------------+--------------------+
; Device                                                                     ; EP2C35F672C6       ;                    ;
; Top-level entity name                                                      ; FinalProject       ; FinalProject       ;
; Family name                                                                ; Cyclone II         ; Cyclone IV GX      ;
; Use smart compilation                                                      ; Off                ; Off                ;
; Enable parallel Assembler and TimeQuest Timing Analyzer during compilation ; On                 ; On                 ;
; Enable compact report table                                                ; Off                ; Off                ;
; Restructure Multiplexers                                                   ; Auto               ; Auto               ;
; Create Debugging Nodes for IP Cores                                        ; Off                ; Off                ;
; Preserve fewer node names                                                  ; On                 ; On                 ;
; Disable OpenCore Plus hardware evaluation                                  ; Off                ; Off                ;
; Verilog Version                                                            ; Verilog_2001       ; Verilog_2001       ;
; VHDL Version                                                               ; VHDL_1993          ; VHDL_1993          ;
; State Machine Processing                                                   ; Auto               ; Auto               ;
; Safe State Machine                                                         ; Off                ; Off                ;
; Extract Verilog State Machines                                             ; On                 ; On                 ;
; Extract VHDL State Machines                                                ; On                 ; On                 ;
; Ignore Verilog initial constructs                                          ; Off                ; Off                ;
; Iteration limit for constant Verilog loops                                 ; 5000               ; 5000               ;
; Iteration limit for non-constant Verilog loops                             ; 250                ; 250                ;
; Add Pass-Through Logic to Inferred RAMs                                    ; On                 ; On                 ;
; Infer RAMs from Raw Logic                                                  ; On                 ; On                 ;
; Parallel Synthesis                                                         ; On                 ; On                 ;
; DSP Block Balancing                                                        ; Auto               ; Auto               ;
; NOT Gate Push-Back                                                         ; On                 ; On                 ;
; Power-Up Don't Care                                                        ; On                 ; On                 ;
; Remove Redundant Logic Cells                                               ; Off                ; Off                ;
; Remove Duplicate Registers                                                 ; On                 ; On                 ;
; Ignore CARRY Buffers                                                       ; Off                ; Off                ;
; Ignore CASCADE Buffers                                                     ; Off                ; Off                ;
; Ignore GLOBAL Buffers                                                      ; Off                ; Off                ;
; Ignore ROW GLOBAL Buffers                                                  ; Off                ; Off                ;
; Ignore LCELL Buffers                                                       ; Off                ; Off                ;
; Ignore SOFT Buffers                                                        ; On                 ; On                 ;
; Limit AHDL Integers to 32 Bits                                             ; Off                ; Off                ;
; Optimization Technique                                                     ; Balanced           ; Balanced           ;
; Carry Chain Length                                                         ; 70                 ; 70                 ;
; Auto Carry Chains                                                          ; On                 ; On                 ;
; Auto Open-Drain Pins                                                       ; On                 ; On                 ;
; Perform WYSIWYG Primitive Resynthesis                                      ; Off                ; Off                ;
; Auto ROM Replacement                                                       ; On                 ; On                 ;
; Auto RAM Replacement                                                       ; On                 ; On                 ;
; Auto Shift Register Replacement                                            ; Auto               ; Auto               ;
; Allow Shift Register Merging across Hierarchies                            ; Auto               ; Auto               ;
; Auto Clock Enable Replacement                                              ; On                 ; On                 ;
; Strict RAM Replacement                                                     ; Off                ; Off                ;
; Allow Synchronous Control Signals                                          ; On                 ; On                 ;
; Force Use of Synchronous Clear Signals                                     ; Off                ; Off                ;
; Auto RAM to Logic Cell Conversion                                          ; Off                ; Off                ;
; Auto Resource Sharing                                                      ; Off                ; Off                ;
; Allow Any RAM Size For Recognition                                         ; Off                ; Off                ;
; Allow Any ROM Size For Recognition                                         ; Off                ; Off                ;
; Allow Any Shift Register Size For Recognition                              ; Off                ; Off                ;
; Use LogicLock Constraints during Resource Balancing                        ; On                 ; On                 ;
; Ignore translate_off and synthesis_off directives                          ; Off                ; Off                ;
; Timing-Driven Synthesis                                                    ; Off                ; Off                ;
; Report Parameter Settings                                                  ; On                 ; On                 ;
; Report Source Assignments                                                  ; On                 ; On                 ;
; Report Connectivity Checks                                                 ; On                 ; On                 ;
; Ignore Maximum Fan-Out Assignments                                         ; Off                ; Off                ;
; Synchronization Register Chain Length                                      ; 2                  ; 2                  ;
; PowerPlay Power Optimization                                               ; Normal compilation ; Normal compilation ;
; HDL message level                                                          ; Level2             ; Level2             ;
; Suppress Register Optimization Related Messages                            ; Off                ; Off                ;
; Number of Removed Registers Reported in Synthesis Report                   ; 5000               ; 5000               ;
; Number of Swept Nodes Reported in Synthesis Report                         ; 5000               ; 5000               ;
; Number of Inverted Registers Reported in Synthesis Report                  ; 100                ; 100                ;
; Clock MUX Protection                                                       ; On                 ; On                 ;
; Auto Gated Clock Conversion                                                ; Off                ; Off                ;
; Block Design Naming                                                        ; Auto               ; Auto               ;
; SDC constraint protection                                                  ; Off                ; Off                ;
; Synthesis Effort                                                           ; Auto               ; Auto               ;
; Shift Register Replacement - Allow Asynchronous Clear Signal               ; On                 ; On                 ;
; Analysis & Synthesis Message Level                                         ; Medium             ; Medium             ;
; Disable Register Merging Across Hierarchies                                ; Auto               ; Auto               ;
; Resource Aware Inference For Block RAM                                     ; On                 ; On                 ;
; Synthesis Seed                                                             ; 1                  ; 1                  ;
+----------------------------------------------------------------------------+--------------------+--------------------+


Parallel compilation was disabled, but you have multiple processors available. Enable parallel compilation to reduce compilation time.
+-------------------------------------+
; Parallel Compilation                ;
+----------------------------+--------+
; Processors                 ; Number ;
+----------------------------+--------+
; Number detected on machine ; 4      ;
; Maximum allowed            ; 1      ;
+----------------------------+--------+


+--------------------------------------------------------------------------------------------------------------------------------------+
; Analysis & Synthesis Source Files Read                                                                                               ;
+----------------------------------+-----------------+------------------------+----------------------------------------------+---------+
; File Name with User-Entered Path ; Used in Netlist ; File Type              ; File Name with Absolute Path                 ; Library ;
+----------------------------------+-----------------+------------------------+----------------------------------------------+---------+
; FinalProject.v                   ; yes             ; User Verilog HDL File  ; C:/Users/Phil/Desktop/Project/FinalProject.v ;         ;
+----------------------------------+-----------------+------------------------+----------------------------------------------+---------+


+------------------------------------------------------+
; Analysis & Synthesis Resource Usage Summary          ;
+---------------------------------------------+--------+
; Resource                                    ; Usage  ;
+---------------------------------------------+--------+
; Estimated Total logic elements              ; 65     ;
;                                             ;        ;
; Total combinational functions               ; 65     ;
; Logic element usage by number of LUT inputs ;        ;
;     -- 4 input functions                    ; 11     ;
;     -- 3 input functions                    ; 6      ;
;     -- <=2 input functions                  ; 48     ;
;                                             ;        ;
; Logic elements by mode                      ;        ;
;     -- normal mode                          ; 33     ;
;     -- arithmetic mode                      ; 32     ;
;                                             ;        ;
; Total registers                             ; 37     ;
;     -- Dedicated logic registers            ; 37     ;
;     -- I/O registers                        ; 0      ;
;                                             ;        ;
; I/O pins                                    ; 34     ;
; Maximum fan-out node                        ; Resetn ;
; Maximum fan-out                             ; 37     ;
; Total fan-out                               ; 276    ;
; Average fan-out                             ; 2.03   ;
+---------------------------------------------+--------+


+---------------------------------------------------------------------------------------------------------------------------------------------------------------------------------------------+
; Analysis & Synthesis Resource Utilization by Entity                                                                                                                                         ;
+----------------------------+-------------------+--------------+-------------+--------------+---------+-----------+------+--------------+-------------------------------------+--------------+
; Compilation Hierarchy Node ; LC Combinationals ; LC Registers ; Memory Bits ; DSP Elements ; DSP 9x9 ; DSP 18x18 ; Pins ; Virtual Pins ; Full Hierarchy Name                 ; Library Name ;
+----------------------------+-------------------+--------------+-------------+--------------+---------+-----------+------+--------------+-------------------------------------+--------------+
; |FinalProject              ; 65 (0)            ; 37 (0)       ; 0           ; 0            ; 0       ; 0         ; 34   ; 0            ; |FinalProject                       ;              ;
;    |seg7:Display1|         ; 7 (7)             ; 0 (0)        ; 0           ; 0            ; 0       ; 0         ; 0    ; 0            ; |FinalProject|seg7:Display1         ;              ;
;    |upcounter_slot:num1|   ; 5 (5)             ; 4 (4)        ; 0           ; 0            ; 0       ; 0         ; 0    ; 0            ; |FinalProject|upcounter_slot:num1   ;              ;
;    |variableClock:var_clk| ; 53 (53)           ; 33 (33)      ; 0           ; 0            ; 0       ; 0         ; 0    ; 0            ; |FinalProject|variableClock:var_clk ;              ;
+----------------------------+-------------------+--------------+-------------+--------------+---------+-----------+------+--------------+-------------------------------------+--------------+
Note: For table entries with two numbers listed, the numbers in parentheses indicate the number of resources of the given type used by the specific entity alone. The numbers listed outside of parentheses indicate the total resources of the given type used by the specific entity and all of its sub-entities in the hierarchy.


Encoding Type:  One-Hot
+-----------------------------------------------------+
; State Machine - |FinalProject|upcounter_slot:num4|y ;
+------+----------------------------------------------+
; Name ; y.B                                          ;
+------+----------------------------------------------+
; y.A  ; 0                                            ;
; y.B  ; 1                                            ;
+------+----------------------------------------------+


Encoding Type:  One-Hot
+-----------------------------------------------------+
; State Machine - |FinalProject|upcounter_slot:num3|y ;
+------+----------------------------------------------+
; Name ; y.B                                          ;
+------+----------------------------------------------+
; y.A  ; 0                                            ;
; y.B  ; 1                                            ;
+------+----------------------------------------------+


Encoding Type:  One-Hot
+-----------------------------------------------------+
; State Machine - |FinalProject|upcounter_slot:num2|y ;
+------+----------------------------------------------+
; Name ; y.B                                          ;
+------+----------------------------------------------+
; y.A  ; 0                                            ;
; y.B  ; 1                                            ;
+------+----------------------------------------------+


Encoding Type:  One-Hot
+-----------------------------------------------------+
; State Machine - |FinalProject|upcounter_slot:num1|y ;
+------+----------------------------------------------+
; Name ; y.B                                          ;
+------+----------------------------------------------+
; y.A  ; 0                                            ;
; y.B  ; 1                                            ;
+------+----------------------------------------------+


+--------------------------------------------------------------------------------+
; Registers Removed During Synthesis                                             ;
+-----------------------------------------+--------------------------------------+
; Register name                           ; Reason for Removal                   ;
+-----------------------------------------+--------------------------------------+
; compare:comp1|compare_out               ; Stuck at GND due to stuck port clock ;
; register:reg1|x_reg[0..2]               ; Lost fanout                          ;
; levelstate:level|y[1,2]                 ; Stuck at GND due to stuck port clock ;
; upcounter_slot:num4|Number[0..31]       ; Lost fanout                          ;
; upcounter_slot:num3|Number[0..31]       ; Lost fanout                          ;
; upcounter_slot:num2|Number[0..31]       ; Lost fanout                          ;
; upcounter_slot:num4|y.B                 ; Lost fanout                          ;
; upcounter_slot:num4|y~5                 ; Lost fanout                          ;
; upcounter_slot:num3|y~5                 ; Lost fanout                          ;
; upcounter_slot:num2|y~5                 ; Lost fanout                          ;
; upcounter_slot:num1|y~5                 ; Lost fanout                          ;
; upcounter_slot:num3|y.B                 ; Lost fanout                          ;
; upcounter_slot:num2|y.B                 ; Lost fanout                          ;
; upcounter_slot:num1|Number[3..31]       ; Lost fanout                          ;
; Total Number of Removed Registers = 138 ;                                      ;
+-----------------------------------------+--------------------------------------+


+--------------------------------------------------------------------------------------------------------------------------------------------+
; Removed Registers Triggering Further Register Optimizations                                                                                ;
+---------------------------+-------------------------+--------------------------------------------------------------------------------------+
; Register name             ; Reason for Removal      ; Registers Removed due to This Register                                               ;
+---------------------------+-------------------------+--------------------------------------------------------------------------------------+
; compare:comp1|compare_out ; Stuck at GND            ; register:reg1|x_reg[2], register:reg1|x_reg[1], register:reg1|x_reg[0],              ;
;                           ; due to stuck port clock ; levelstate:level|y[2], upcounter_slot:num2|Number[0], upcounter_slot:num2|Number[2], ;
;                           ;                         ; upcounter_slot:num2|Number[1]                                                        ;
+---------------------------+-------------------------+--------------------------------------------------------------------------------------+


+------------------------------------------------------+
; General Register Statistics                          ;
+----------------------------------------------+-------+
; Statistic                                    ; Value ;
+----------------------------------------------+-------+
; Total registers                              ; 37    ;
; Number of registers using Synchronous Clear  ; 0     ;
; Number of registers using Synchronous Load   ; 0     ;
; Number of registers using Asynchronous Clear ; 37    ;
; Number of registers using Asynchronous Load  ; 0     ;
; Number of registers using Clock Enable       ; 3     ;
; Number of registers using Preset             ; 0     ;
+----------------------------------------------+-------+


+------------------------------------------------------------------+
; Parameter Settings for User Entity Instance: upcounter_slot:num1 ;
+----------------+-------+-----------------------------------------+
; Parameter Name ; Value ; Type                                    ;
+----------------+-------+-----------------------------------------+
; A              ; 00    ; Unsigned Binary                         ;
; B              ; 01    ; Unsigned Binary                         ;
+----------------+-------+-----------------------------------------+
Note: In order to hide this table in the UI and the text report file, please set the "Show Parameter Settings in Synthesis Report" option in "Analysis and Synthesis Settings -> More Settings" to "Off".


+------------------------------------------------------------------+
; Parameter Settings for User Entity Instance: upcounter_slot:num2 ;
+----------------+-------+-----------------------------------------+
; Parameter Name ; Value ; Type                                    ;
+----------------+-------+-----------------------------------------+
; A              ; 00    ; Unsigned Binary                         ;
; B              ; 01    ; Unsigned Binary                         ;
+----------------+-------+-----------------------------------------+
Note: In order to hide this table in the UI and the text report file, please set the "Show Parameter Settings in Synthesis Report" option in "Analysis and Synthesis Settings -> More Settings" to "Off".


+------------------------------------------------------------------+
; Parameter Settings for User Entity Instance: upcounter_slot:num3 ;
+----------------+-------+-----------------------------------------+
; Parameter Name ; Value ; Type                                    ;
+----------------+-------+-----------------------------------------+
; A              ; 00    ; Unsigned Binary                         ;
; B              ; 01    ; Unsigned Binary                         ;
+----------------+-------+-----------------------------------------+
Note: In order to hide this table in the UI and the text report file, please set the "Show Parameter Settings in Synthesis Report" option in "Analysis and Synthesis Settings -> More Settings" to "Off".


+------------------------------------------------------------------+
; Parameter Settings for User Entity Instance: upcounter_slot:num4 ;
+----------------+-------+-----------------------------------------+
; Parameter Name ; Value ; Type                                    ;
+----------------+-------+-----------------------------------------+
; A              ; 00    ; Unsigned Binary                         ;
; B              ; 01    ; Unsigned Binary                         ;
+----------------+-------+-----------------------------------------+
Note: In order to hide this table in the UI and the text report file, please set the "Show Parameter Settings in Synthesis Report" option in "Analysis and Synthesis Settings -> More Settings" to "Off".


+---------------------------------------------------------------+
; Parameter Settings for User Entity Instance: levelstate:level ;
+----------------+-------+--------------------------------------+
; Parameter Name ; Value ; Type                                 ;
+----------------+-------+--------------------------------------+
; A              ; 000   ; Unsigned Binary                      ;
; B              ; 001   ; Unsigned Binary                      ;
; C              ; 010   ; Unsigned Binary                      ;
; D              ; 011   ; Unsigned Binary                      ;
; E              ; 100   ; Unsigned Binary                      ;
+----------------+-------+--------------------------------------+
Note: In order to hide this table in the UI and the text report file, please set the "Show Parameter Settings in Synthesis Report" option in "Analysis and Synthesis Settings -> More Settings" to "Off".


+-----------------------------------------------------------------------------------------------------------------------+
; Port Connectivity Checks: "levelstate:level"                                                                          ;
+-------------+--------+----------+-------------------------------------------------------------------------------------+
; Port        ; Type   ; Severity ; Details                                                                             ;
+-------------+--------+----------+-------------------------------------------------------------------------------------+
; score_count ; Output ; Info     ; Connected to dangling logic. Logic that only feeds a dangling port will be removed. ;
+-------------+--------+----------+-------------------------------------------------------------------------------------+


+----------------------------------------------------------------------------------------------------------------------------------------------------------+
; Port Connectivity Checks: "upcounter_slot:num4"                                                                                                          ;
+--------+--------+----------+-----------------------------------------------------------------------------------------------------------------------------+
; Port   ; Type   ; Severity ; Details                                                                                                                     ;
+--------+--------+----------+-----------------------------------------------------------------------------------------------------------------------------+
; Number ; Output ; Warning  ; Output or bidir port (32 bits) is wider than the port expression (3 bits) it drives; bit(s) "Number[31..3]" have no fanouts ;
+--------+--------+----------+-----------------------------------------------------------------------------------------------------------------------------+


+----------------------------------------------------------------------------------------------------------------------------------------------------------+
; Port Connectivity Checks: "upcounter_slot:num3"                                                                                                          ;
+--------+--------+----------+-----------------------------------------------------------------------------------------------------------------------------+
; Port   ; Type   ; Severity ; Details                                                                                                                     ;
+--------+--------+----------+-----------------------------------------------------------------------------------------------------------------------------+
; Number ; Output ; Warning  ; Output or bidir port (32 bits) is wider than the port expression (3 bits) it drives; bit(s) "Number[31..3]" have no fanouts ;
+--------+--------+----------+-----------------------------------------------------------------------------------------------------------------------------+


+----------------------------------------------------------------------------------------------------------------------------------------------------------+
; Port Connectivity Checks: "upcounter_slot:num2"                                                                                                          ;
+--------+--------+----------+-----------------------------------------------------------------------------------------------------------------------------+
; Port   ; Type   ; Severity ; Details                                                                                                                     ;
+--------+--------+----------+-----------------------------------------------------------------------------------------------------------------------------+
; Number ; Output ; Warning  ; Output or bidir port (32 bits) is wider than the port expression (3 bits) it drives; bit(s) "Number[31..3]" have no fanouts ;
+--------+--------+----------+-----------------------------------------------------------------------------------------------------------------------------+


+----------------------------------------------------------------------------------------------------------------------------------------------------------+
; Port Connectivity Checks: "upcounter_slot:num1"                                                                                                          ;
+--------+--------+----------+-----------------------------------------------------------------------------------------------------------------------------+
; Port   ; Type   ; Severity ; Details                                                                                                                     ;
+--------+--------+----------+-----------------------------------------------------------------------------------------------------------------------------+
; Number ; Output ; Warning  ; Output or bidir port (32 bits) is wider than the port expression (3 bits) it drives; bit(s) "Number[31..3]" have no fanouts ;
+--------+--------+----------+-----------------------------------------------------------------------------------------------------------------------------+


+---------------------------------------------------+
; Port Connectivity Checks: "variableClock:var_clk" ;
+-------+-------+----------+------------------------+
; Port  ; Type  ; Severity ; Details                ;
+-------+-------+----------+------------------------+
; Score ; Input ; Info     ; Stuck at VCC           ;
+-------+-------+----------+------------------------+


+-------------------------------+
; Elapsed Time Per Partition    ;
+----------------+--------------+
; Partition Name ; Elapsed Time ;
+----------------+--------------+
; Top            ; 00:00:04     ;
+----------------+--------------+


+-------------------------------+
; Analysis & Synthesis Messages ;
+-------------------------------+
Info: *******************************************************************
Info: Running Quartus II 32-bit Analysis & Synthesis
    Info: Version 12.0 Build 263 08/02/2012 Service Pack 2 SJ Web Edition
    Info: Processing started: Wed Nov 21 16:09:03 2012
Info: Command: quartus_map --read_settings_files=on --write_settings_files=off FinalProject -c FinalProject
Warning (20028): Parallel compilation is not licensed and has been disabled
Info (12021): Found 8 design units, including 8 entities, in source file finalproject.v
    Info (12023): Found entity 1: FinalProject
    Info (12023): Found entity 2: variableClock
    Info (12023): Found entity 3: upcounter_slot
    Info (12023): Found entity 4: seg7
    Info (12023): Found entity 5: seg7next
    Info (12023): Found entity 6: levelstate
    Info (12023): Found entity 7: compare
    Info (12023): Found entity 8: register
Warning (10236): Verilog HDL Implicit Net warning at FinalProject.v(16): created implicit net for "Stop0"
Warning (10236): Verilog HDL Implicit Net warning at FinalProject.v(17): created implicit net for "compare_out"
Warning (10236): Verilog HDL Implicit Net warning at FinalProject.v(17): created implicit net for "Stop"
Warning (10236): Verilog HDL Implicit Net warning at FinalProject.v(17): created implicit net for "x2"
Warning (10236): Verilog HDL Implicit Net warning at FinalProject.v(17): created implicit net for "x3"
Warning (10236): Verilog HDL Implicit Net warning at FinalProject.v(17): created implicit net for "x4"
Warning (10236): Verilog HDL Implicit Net warning at FinalProject.v(17): created implicit net for "score_count"
Info (12127): Elaborating entity "FinalProject" for the top level hierarchy
Warning (10230): Verilog HDL assignment warning at FinalProject.v(10): truncated value with size 32 to match size of target (1)
Info (12128): Elaborating entity "variableClock" for hierarchy "variableClock:var_clk"
Info (12128): Elaborating entity "upcounter_slot" for hierarchy "upcounter_slot:num1"
Info (12128): Elaborating entity "levelstate" for hierarchy "levelstate:level"
Warning (10230): Verilog HDL assignment warning at FinalProject.v(170): truncated value with size 3 to match size of target (2)
Warning (10230): Verilog HDL assignment warning at FinalProject.v(171): truncated value with size 3 to match size of target (2)
Warning (10230): Verilog HDL assignment warning at FinalProject.v(172): truncated value with size 3 to match size of target (2)
Warning (10230): Verilog HDL assignment warning at FinalProject.v(173): truncated value with size 3 to match size of target (2)
Warning (10230): Verilog HDL assignment warning at FinalProject.v(174): truncated value with size 3 to match size of target (2)
Warning (10230): Verilog HDL assignment warning at FinalProject.v(175): truncated value with size 3 to match size of target (2)
Warning (10230): Verilog HDL assignment warning at FinalProject.v(176): truncated value with size 3 to match size of target (2)
Warning (10199): Verilog HDL Case Statement warning at FinalProject.v(177): case item expression never matches the case expression
Warning (10230): Verilog HDL assignment warning at FinalProject.v(188): truncated value with size 3 to match size of target (2)
Info (12128): Elaborating entity "seg7" for hierarchy "seg7:Display1"
Info (12128): Elaborating entity "register" for hierarchy "register:reg1"
Info (12128): Elaborating entity "compare" for hierarchy "compare:comp1"
Info (12128): Elaborating entity "seg7next" for hierarchy "seg7next:Display2"
Warning (10235): Verilog HDL Always Construct warning at FinalProject.v(140): variable "x" is read inside the Always Construct but isn't in the Always Construct's Event Control
Warning (12011): Net is missing source, defaulting to GND
    Warning (12110): Net "Stop" is missing source, defaulting to GND
Warning (12011): Net is missing source, defaulting to GND
    Warning (12110): Net "Stop" is missing source, defaulting to GND
Warning (12011): Net is missing source, defaulting to GND
    Warning (12110): Net "Stop" is missing source, defaulting to GND
Warning (12011): Net is missing source, defaulting to GND
    Warning (12110): Net "Stop" is missing source, defaulting to GND
Warning (12011): Net is missing source, defaulting to GND
    Warning (12110): Net "Stop" is missing source, defaulting to GND
Warning (12011): Net is missing source, defaulting to GND
    Warning (12110): Net "Stop" is missing source, defaulting to GND
Warning (12241): 4 hierarchies have connectivity warnings - see the Connectivity Checks report folder
Warning (13024): Output pins are stuck at VCC or GND
    Warning (13410): Pin "SegmentDisplay2[6]" is stuck at VCC
    Warning (13410): Pin "SegmentDisplay2[5]" is stuck at VCC
    Warning (13410): Pin "SegmentDisplay2[4]" is stuck at VCC
    Warning (13410): Pin "SegmentDisplay2[3]" is stuck at VCC
    Warning (13410): Pin "SegmentDisplay2[2]" is stuck at VCC
    Warning (13410): Pin "SegmentDisplay2[1]" is stuck at VCC
    Warning (13410): Pin "SegmentDisplay2[0]" is stuck at VCC
    Warning (13410): Pin "SegmentDisplay3[6]" is stuck at VCC
    Warning (13410): Pin "SegmentDisplay3[5]" is stuck at VCC
    Warning (13410): Pin "SegmentDisplay3[4]" is stuck at VCC
    Warning (13410): Pin "SegmentDisplay3[3]" is stuck at VCC
    Warning (13410): Pin "SegmentDisplay3[2]" is stuck at VCC
    Warning (13410): Pin "SegmentDisplay3[1]" is stuck at VCC
    Warning (13410): Pin "SegmentDisplay3[0]" is stuck at VCC
    Warning (13410): Pin "SegmentDisplay4[6]" is stuck at VCC
    Warning (13410): Pin "SegmentDisplay4[5]" is stuck at VCC
    Warning (13410): Pin "SegmentDisplay4[4]" is stuck at VCC
    Warning (13410): Pin "SegmentDisplay4[3]" is stuck at VCC
    Warning (13410): Pin "SegmentDisplay4[2]" is stuck at VCC
    Warning (13410): Pin "SegmentDisplay4[1]" is stuck at VCC
    Warning (13410): Pin "SegmentDisplay4[0]" is stuck at VCC
Info (17049): 135 registers lost all their fanouts during netlist optimizations.
Info (144001): Generated suppressed messages file C:/Users/Phil/Desktop/Project/FinalProject.map.smsg
Info (16010): Generating hard_block partition "hard_block:auto_generated_inst"
    Info (16011): Adding 0 node(s), including 0 DDIO, 0 PLL, 0 transceiver and 0 LCELL
Warning (21074): Design contains 3 input pin(s) that do not drive logic
    Warning (15610): No output dependent on input pin "Stop4"
    Warning (15610): No output dependent on input pin "Stop1"
    Warning (15610): No output dependent on input pin "Stop2"
Info (21057): Implemented 100 device resources after synthesis - the final resource count might be different
    Info (21058): Implemented 6 input pins
    Info (21059): Implemented 28 output pins
    Info (21061): Implemented 66 logic cells
Info: Quartus II 32-bit Analysis & Synthesis was successful. 0 errors, 59 warnings
    Info: Peak virtual memory: 336 megabytes
    Info: Processing ended: Wed Nov 21 16:09:15 2012
    Info: Elapsed time: 00:00:12
    Info: Total CPU time (on all processors): 00:00:06


+------------------------------------------+
; Analysis & Synthesis Suppressed Messages ;
+------------------------------------------+
The suppressed messages can be found in C:/Users/Phil/Desktop/Project/FinalProject.map.smsg.


